Environment variables:
  - =::=::\
  - =C:=C:\Users\DELL\Documents\NetBeansProjects\POO ESPOL\Proyecto 2P\VersionaFinal2\proyecto2p\GranChifa
  - ALLUSERSPROFILE=C:\ProgramData
  - APPDATA=C:\Users\DELL\AppData\Roaming
  - COMPUTERNAME=WINDOWS-79M0NQL
  - ComSpec=C:\windows\system32\cmd.exe
  - CommonProgramFiles=C:\Program Files\Common Files
  - CommonProgramFiles(x86)=C:\Program Files (x86)\Common Files
  - CommonProgramW6432=C:\Program Files\Common Files
  - DriverData=C:\Windows\System32\Drivers\DriverData
  - ERROR_CODE=0
  - FPS_BROWSER_APP_PROFILE_STRING=Internet Explorer
  - FPS_BROWSER_USER_PROFILE_STRING=Default
  - HOMEDRIVE=C:
  - HOMEPATH=\Users\DELL
  - JAVA_EXEC="C:\sonar-scanner-4.2.0.1873-windows\bin\..\jre\bin\java.exe"
  - JAVA_HOME=C:\sonar-scanner-4.2.0.1873-windows\bin\..\jre
  - LOCALAPPDATA=C:\Users\DELL\AppData\Local
  - LOGONSERVER=\\WINDOWS-79M0NQL
  - NUMBER_OF_PROCESSORS=8
  - OS=Windows_NT
  - OneDrive=C:\Users\DELL\OneDrive
  - PATHEXT=.COM;.EXE;.BAT;.CMD;.VBS;.VBE;.JS;.JSE;.WSF;.WSH;.MSC
  - PROCESSOR_ARCHITECTURE=AMD64
  - PROCESSOR_IDENTIFIER=Intel64 Family 6 Model 142 Stepping 10, GenuineIntel
  - PROCESSOR_LEVEL=6
  - PROCESSOR_REVISION=8e0a
  - PROJECT_HOME=C:\Users\DELL\Documents\NetBeansProjects\POO ESPOL\Proyecto 2P\VersionaFinal2\proyecto2p\GranChifa
  - PROMPT=$P$G
  - PSModulePath=C:\Program Files\WindowsPowerShell\Modules;C:\windows\system32\WindowsPowerShell\v1.0\Modules
  - PUBLIC=C:\Users\Public
  - Path=C:\Program Files (x86)\Common Files\Oracle\Java\javapath;"C:\ProgramData\Oracle\Java\javapathC:\Program Files\Java\jdk1.8.0_111\bin;";C:\windows\system32;C:\windows;C:\windows\System32\Wbem;C:\windows\System32\WindowsPowerShell\v1.0\;C:\windows\System32\OpenSSH\;C:\Program Files\nodejs\;C:\Program Files\Git\cmd;C:\sonar-scanner-4.2.0.1873-windows\bin;C:\Program Files\NetBeans 8.2\java\maven\bin;C:\Program Files\Java\jdk1.8.0_111\bin;C:\Program Files\Intel\WiFi\bin\;C:\Program Files\Common Files\Intel\WirelessCommon\;C:\Program Files (x86)\Intel\Intel(R) Management Engine Components\DAL;C:\Program Files\Intel\Intel(R) Management Engine Components\DAL;C:\Users\DELL\AppData\Local\Programs\Python\Python37\Scripts\;C:\Users\DELL\AppData\Local\Programs\Python\Python37\;C:\Users\DELL\AppData\Local\Microsoft\WindowsApps;;C:\Program Files\JetBrains\PyCharm Community Edition 2019.1.3\bin;;C:\Users\DELL\AppData\Roaming\npm;C:\Users\DELL\AppData\Local\Programs\Microsoft VS Code\bin
  - ProgramData=C:\ProgramData
  - ProgramFiles=C:\Program Files
  - ProgramFiles(x86)=C:\Program Files (x86)
  - ProgramW6432=C:\Program Files
  - PyCharm Community Edition=C:\Program Files\JetBrains\PyCharm Community Edition 2019.1.3\bin;
  - SESSIONNAME=Console
  - SONAR_SCANNER_HOME=C:\sonar-scanner-4.2.0.1873-windows\bin\..
  - SystemDrive=C:
  - SystemRoot=C:\windows
  - TEMP=C:\Users\DELL\AppData\Local\Temp
  - TMP=C:\Users\DELL\AppData\Local\Temp
  - USERDOMAIN=WINDOWS-79M0NQL
  - USERDOMAIN_ROAMINGPROFILE=WINDOWS-79M0NQL
  - USERNAME=DELL
  - USERPROFILE=C:\Users\DELL
  - scriptdir=C:\sonar-scanner-4.2.0.1873-windows\bin
  - use_embedded_jre=true
  - windir=C:\windows
System properties:
  - awt.toolkit=sun.awt.windows.WToolkit
  - file.encoding=Cp1252
  - file.separator=\
  - java.awt.graphicsenv=sun.awt.Win32GraphicsEnvironment
  - java.awt.headless=true
  - java.awt.printerjob=sun.awt.windows.WPrinterJob
  - java.class.path=C:\sonar-scanner-4.2.0.1873-windows\bin\..\lib\sonar-scanner-cli-4.2.0.1873.jar
  - java.class.version=55.0
  - java.home=C:\sonar-scanner-4.2.0.1873-windows\jre
  - java.io.tmpdir=C:\Users\DELL\AppData\Local\Temp\
  - java.library.path=C:\sonar-scanner-4.2.0.1873-windows\jre\bin;C:\windows\Sun\Java\bin;C:\windows\system32;C:\windows;C:\Program Files (x86)\Common Files\Oracle\Java\javapath;"C:\ProgramData\Oracle\Java\javapathC:\Program Files\Java\jdk1.8.0_111\bin;";C:\windows\system32;C:\windows;C:\windows\System32\Wbem;C:\windows\System32\WindowsPowerShell\v1.0\;C:\windows\System32\OpenSSH\;C:\Program Files\nodejs\;C:\Program Files\Git\cmd;C:\sonar-scanner-4.2.0.1873-windows\bin;C:\Program Files\NetBeans 8.2\java\maven\bin;C:\Program Files\Java\jdk1.8.0_111\bin;C:\Program Files\Intel\WiFi\bin\;C:\Program Files\Common Files\Intel\WirelessCommon\;C:\Program Files (x86)\Intel\Intel(R) Management Engine Components\DAL;C:\Program Files\Intel\Intel(R) Management Engine Components\DAL;C:\Users\DELL\AppData\Local\Programs\Python\Python37\Scripts\;C:\Users\DELL\AppData\Local\Programs\Python\Python37\;C:\Users\DELL\AppData\Local\Microsoft\WindowsApps;;C:\Program Files\JetBrains\PyCharm Community Edition 2019.1.3\bin;;C:\Users\DELL\AppData\Roaming\npm;C:\Users\DELL\AppData\Local\Programs\Microsoft VS Code\bin;.
  - java.runtime.name=OpenJDK Runtime Environment
  - java.runtime.version=11.0.3+7
  - java.specification.name=Java Platform API Specification
  - java.specification.vendor=Oracle Corporation
  - java.specification.version=11
  - java.vendor=AdoptOpenJDK
  - java.vendor.url=https://adoptopenjdk.net/
  - java.vendor.url.bug=https://github.com/AdoptOpenJDK/openjdk-build/issues
  - java.vendor.version=AdoptOpenJDK
  - java.version=11.0.3
  - java.version.date=2019-04-16
  - java.vm.compressedOopsMode=Zero based
  - java.vm.info=mixed mode
  - java.vm.name=OpenJDK 64-Bit Server VM
  - java.vm.specification.name=Java Virtual Machine Specification
  - java.vm.specification.vendor=Oracle Corporation
  - java.vm.specification.version=11
  - java.vm.vendor=AdoptOpenJDK
  - java.vm.version=11.0.3+7
  - jdk.debug=release
  - line.separator=

  - os.arch=amd64
  - os.name=Windows 10
  - os.version=10.0
  - path.separator=;
  - project.home=C:\Users\DELL\Documents\NetBeansProjects\POO ESPOL\Proyecto 2P\VersionaFinal2\proyecto2p\GranChifa
  - scanner.home=C:\sonar-scanner-4.2.0.1873-windows\bin\..
  - sun.arch.data.model=64
  - sun.boot.library.path=C:\sonar-scanner-4.2.0.1873-windows\jre\bin
  - sun.cpu.endian=little
  - sun.cpu.isalist=amd64
  - sun.desktop=windows
  - sun.io.unicode.encoding=UnicodeLittle
  - sun.java.command=org.sonarsource.scanner.cli.Main -X
  - sun.java.launcher=SUN_STANDARD
  - sun.jnu.encoding=Cp1252
  - sun.management.compiler=HotSpot 64-Bit Tiered Compilers
  - sun.os.patch.level=
  - sun.stderr.encoding=cp437
  - sun.stdout.encoding=cp437
  - user.country=MX
  - user.dir=C:\Users\DELL\Documents\NetBeansProjects\POO ESPOL\Proyecto 2P\VersionaFinal2\proyecto2p\GranChifa
  - user.home=C:\Users\DELL
  - user.language=es
  - user.name=DELL
  - user.script=
  - user.timezone=America/Bogota
  - user.variant=
SonarQube plugins:
  - SonarC# 6.5.0.3766 (csharp)
  - SonarPython 1.8.0.1496 (python)
  - SonarJava 4.15.0.12310 (java)
  - Flex 2.3 (flex)
  - SonarQube :: Plugins :: SCM :: Git 1.3.0.869 (scmgit)
  - SonarXML 1.4.3.1027 (xml)
  - SonarPHP 2.11.0.2485 (php)
  - SonarTS 1.1.0.1079 (typescript)
  - SonarQube :: Plugins :: SCM :: SVN 1.6.0.860 (scmsvn)
  - SonarJS 3.2.0.5506 (javascript)
Global properties:
  - sonar.core.id=BF41A1F2-AW7ESjiUasHiJUgIhr4d
  - sonar.core.startTime=2020-02-05T01:55:31-0500
Settings for module: granchifa
  - sonar.host.url=http://localhost:9000
  - sonar.language=java
  - sonar.projectBaseDir=C:\Users\DELL\Documents\NetBeansProjects\POO ESPOL\Proyecto 2P\VersionaFinal2\proyecto2p\GranChifa
  - sonar.projectKey=granchifa
  - sonar.scanner.app=ScannerCli
  - sonar.scanner.appVersion=4.2.0.1873
  - sonar.sourceEncoding=UTF-8
  - sonar.sources=src
  - sonar.verbose=true
  - sonar.working.directory=C:\Users\DELL\Documents\NetBeansProjects\POO ESPOL\Proyecto 2P\VersionaFinal2\proyecto2p\GranChifa\.scannerwork
